16:08:07 (17/05) Begin
16:08:07 (17/05) called as: ./remote.sh -v push
16:08:07 (17/05) Environment:
16:08:07 (17/05) git_sha:        '29f3df73d6216bbc8a5c06a306623e89384759c2'
16:08:07 (17/05) build_date:     '2017-05-17 16:08'
16:08:07 (17/05) TARGETHOST:     'rnd@ddps.deic.dk'
16:08:07 (17/05) UPLOADDIR:      '/opt/db2dps/src/'
16:08:07 (17/05) EXCLUDE_FILE:   'rsync_exclude.txt'
16:08:07 (17/05) TMPDIR:         '/var/folders/2d/n362xj9148lg_rrsgy61wsjr0008qx/T/'
16:08:07 (17/05) RRSYNC:         '/usr/bin/rsync'
16:08:07 (17/05) LRSYNC:         '/usr/bin/rsync'
16:08:07 (17/05) RSYNC_ARGS:     '-avzH --exclude-from=rsync_exclude.txt'
16:08:07 (17/05) SSH_ARGS:       '-Tq -o LogLevel=error'
16:08:07 (17/05) SSH:            '/usr/bin/ssh'
16:08:07 (17/05) SRCDIR:         '.'
16:08:07 (17/05) PROJDIR:        '../../DDPS-db2dps'
16:08:07 (17/05) MYDIR:          '/Users/uninth/ownsky/src/github/DDPS-db2dps/src'
16:08:07 (17/05) command: /usr/bin/rsync -avzH --exclude-from=rsync_exclude.txt --rsync-path /usr/bin/rsync /Users/uninth/ownsky/src/github/DDPS-db2dps/src/ rnd@ddps.deic.dk:/opt/db2dps/src//
16:08:07 (17/05) building file list ... done
16:08:07 (17/05) ./
16:08:07 (17/05) .source_info
16:08:07 (17/05) db2dps.pl
16:08:07 (17/05) db2dps.service
16:08:07 (17/05) test/
16:08:07 (17/05) test/x.pl
16:08:07 (17/05) test/y.pl
16:08:07 (17/05) test/ruledir/
16:08:07 (17/05) test/ruledir/newrules_9L7CYamg.dat
16:08:07 (17/05) test/ruledir/newrules_hxS9Q2f9.dat
16:08:07 (17/05) test/ruledir/newrules_ybUv16_P.dat
16:08:07 (17/05) test/ruledir/newrules_zm7MCIb1.dat
16:08:07 (17/05) test/tmp/

16:08:07 (17/05) sent 1468108 bytes  received 560 bytes  979112.00 bytes/sec
16:08:07 (17/05) total size is 28255955  speedup is 19.24
16:08:08 (17/05) done
